#
# There is insufficient memory for the Java Runtime Environment to continue.
# Native memory allocation (malloc) failed to allocate 4088 bytes for AllocateHeap
# Possible reasons:
#   The system is out of physical RAM or swap space
#   In 32 bit mode, the process size limit was hit
# Possible solutions:
#   Reduce memory load on the system
#   Increase physical memory or swap space
#   Check if swap backing store is full
#   Use 64 bit Java on a 64 bit OS
#   Decrease Java heap size (-Xmx/-Xms)
#   Decrease number of Java threads
#   Decrease Java thread stack sizes (-Xss)
#   Set larger code cache with -XX:ReservedCodeCacheSize=
# This output file may be truncated or incomplete.
#
#  Out of Memory Error (memory/allocation.inline.hpp:61), pid=3908, tid=0x0000000000003de0
#
# JRE version: Java(TM) SE Runtime Environment (8.0_171-b11) (build 1.8.0_171-b11)
# Java VM: Java HotSpot(TM) 64-Bit Server VM (25.171-b11 mixed mode windows-amd64 compressed oops)
# Failed to write core dump. Minidumps are not enabled by default on client versions of Windows
#

---------------  T H R E A D  ---------------

Current thread (0x00000000022de800):  GCTaskThread [stack: 0x0000000012140000,0x0000000012240000] [id=15840]

Stack: [0x0000000012140000,0x0000000012240000]
[error occurred during error reporting (printing stack bounds), id 0xc0000005]

Native frames: (J=compiled Java code, j=interpreted, Vv=VM code, C=native code)


---------------  P R O C E S S  ---------------

Java Threads: ( => current thread )
  0x00000000225d9000 JavaThread "ForkJoinPool-1-worker-0" daemon [_thread_blocked, id=13632, stack(0x0000000023430000,0x0000000023530000)]
  0x000000001dc33000 JavaThread "ForkJoinPool-1-worker-3" daemon [_thread_blocked, id=15480, stack(0x0000000023020000,0x0000000023120000)]
  0x00000000225d3800 JavaThread "ForkJoinPool-1-worker-2" daemon [_thread_blocked, id=5908, stack(0x0000000021250000,0x0000000021350000)]
  0x00000000225d6000 JavaThread "ForkJoinPool-1-worker-1" daemon [_thread_blocked, id=3172, stack(0x000000001c950000,0x000000001ca50000)]
  0x000000001a3d1800 JavaThread "WorkerExecutor Queue Thread 5" [_thread_blocked, id=14192, stack(0x000000002ea20000,0x000000002eb20000)]
  0x000000001d714000 JavaThread "stdout" [_thread_in_native, id=10824, stack(0x000000002e920000,0x000000002ea20000)]
  0x000000001d712800 JavaThread "stderr" [_thread_in_native, id=8308, stack(0x000000002d7a0000,0x000000002d8a0000)]
  0x000000001d712000 JavaThread "pool-4-thread-1" [_thread_blocked, id=13580, stack(0x000000002d480000,0x000000002d580000)]
  0x000000001d70c000 JavaThread "Cache worker for Java compile cache (D:\CIS\#Year 4\2021\##GP\GProject\.gradle\6.7.1\javaCompile)" [_thread_blocked, id=4828, stack(0x000000002cf80000,0x000000002d080000)]
  0x000000001d70a000 JavaThread "Cache worker for Java compile cache (C:\Users\IbrahimKelany\.gradle\caches\6.7.1\javaCompile)" [_thread_blocked, id=10272, stack(0x0000000000830000,0x0000000000930000)]
  0x000000001d709800 JavaThread "Java2D Disposer" daemon [_thread_blocked, id=14584, stack(0x000000002c260000,0x000000002c360000)]
  0x000000001d70e000 JavaThread "WorkerExecutor Queue Thread 4" [_thread_blocked, id=8680, stack(0x000000002bd60000,0x000000002be60000)]
  0x00000000194ca000 JavaThread "WorkerExecutor Queue Thread 3" [_thread_blocked, id=8284, stack(0x000000002ba40000,0x000000002bb40000)]
  0x00000000194cc800 JavaThread "WorkerExecutor Queue" [_thread_blocked, id=17724, stack(0x000000002b740000,0x000000002b840000)]
  0x00000000194ce000 JavaThread "Cache worker for execution history cache (D:\CIS\#Year 4\2021\##GP\GProject\.gradle\6.7.1\executionHistory)" [_thread_blocked, id=1436, stack(0x000000002b440000,0x000000002b540000)]
  0x00000000194cb000 JavaThread "Execution worker for ':' Thread 3" [_thread_blocked, id=16392, stack(0x000000002b340000,0x000000002b440000)]
  0x00000000194c9800 JavaThread "Execution worker for ':' Thread 2" [_thread_blocked, id=6020, stack(0x000000002b240000,0x000000002b340000)]
  0x00000000194bf800 JavaThread "Execution worker for ':'" [_thread_blocked, id=17136, stack(0x000000002ae50000,0x000000002af50000)]
  0x00000000194c6800 JavaThread "build event listener" [_thread_blocked, id=7264, stack(0x000000002a8f0000,0x000000002a9f0000)]
  0x00000000194bf000 JavaThread "build event listener" [_thread_blocked, id=6300, stack(0x000000002a5f0000,0x000000002a6f0000)]
  0x00000000194c2000 JavaThread "Memory manager" [_thread_blocked, id=5280, stack(0x0000000029830000,0x0000000029930000)]
  0x000000001cda4000 JavaThread "Build operations Thread 4" [_thread_blocked, id=18148, stack(0x0000000023130000,0x0000000023230000)]
  0x000000001cda8000 JavaThread "Build operations Thread 3" [_thread_blocked, id=1092, stack(0x0000000022f20000,0x0000000023020000)]
  0x000000001cda3800 JavaThread "Build operations Thread 2" [_thread_blocked, id=14472, stack(0x0000000022e20000,0x0000000022f20000)]
  0x000000001cda7000 JavaThread "Build operations" [_thread_blocked, id=3280, stack(0x0000000022d20000,0x0000000022e20000)]
  0x000000001cda2800 JavaThread "Cache worker for Build Output Cleanup Cache (D:\CIS\#Year 4\2021\##GP\GProject\.gradle\buildOutputCleanup)" [_thread_blocked, id=2296, stack(0x0000000022a20000,0x0000000022b20000)]
  0x000000001a970000 JavaThread "Cache worker for file content cache (C:\Users\IbrahimKelany\.gradle\caches\6.7.1\fileContent)" [_thread_blocked, id=13000, stack(0x0000000021350000,0x0000000021450000)]
  0x000000001a971000 JavaThread "Cache worker for execution history cache (C:\Users\IbrahimKelany\.gradle\caches\6.7.1\executionHistory)" [_thread_blocked, id=18596, stack(0x0000000020b50000,0x0000000020c50000)]
  0x000000001a973000 JavaThread "Cache worker for cache directory md-rule (C:\Users\IbrahimKelany\.gradle\caches\6.7.1\md-rule)" [_thread_blocked, id=17940, stack(0x0000000020a50000,0x0000000020b50000)]
  0x000000001a96e800 JavaThread "Cache worker for cache directory md-supplier (C:\Users\IbrahimKelany\.gradle\caches\6.7.1\md-supplier)" [_thread_blocked, id=17900, stack(0x000000001f8f0000,0x000000001f9f0000)]
  0x000000001a96c800 JavaThread "Cache worker for checksums cache (D:\CIS\#Year 4\2021\##GP\GProject\.gradle\checksums)" [_thread_blocked, id=12664, stack(0x000000001f5f0000,0x000000001f6f0000)]
  0x000000001a971800 JavaThread "Cache worker for file hash cache (D:\CIS\#Year 4\2021\##GP\GProject\.gradle\6.7.1\fileHashes)" [_thread_blocked, id=18664, stack(0x000000001f4f0000,0x000000001f5f0000)]
  0x000000001a96e000 JavaThread "Cache worker for journal cache (C:\Users\IbrahimKelany\.gradle\caches\journal-1)" [_thread_blocked, id=2612, stack(0x000000001eff0000,0x000000001f0f0000)]
  0x000000001a972800 JavaThread "File lock request listener" [_thread_in_native, id=17848, stack(0x000000001de20000,0x000000001df20000)]
  0x000000001a96d000 JavaThread "Cache worker for file hash cache (C:\Users\IbrahimKelany\.gradle\caches\6.7.1\fileHashes)" [_thread_blocked, id=15976, stack(0x000000001dd20000,0x000000001de20000)]
  0x000000001a509000 JavaThread "Thread-9" [_thread_blocked, id=15584, stack(0x000000001ca50000,0x000000001cb50000)]
  0x000000001a027800 JavaThread "Asynchronous log dispatcher for DefaultDaemonConnection: socket connection from /127.0.0.1:13177 to /127.0.0.1:13178" [_thread_blocked, id=13712, stack(0x000000001c850000,0x000000001c950000)]
  0x000000001a025800 JavaThread "Daemon worker" [_thread_blocked, id=15340, stack(0x000000001c750000,0x000000001c850000)]
  0x000000001a023800 JavaThread "Cancel handler" [_thread_blocked, id=18008, stack(0x000000001c650000,0x000000001c750000)]
  0x000000001a961800 JavaThread "Handler for socket connection from /127.0.0.1:13177 to /127.0.0.1:13178" [_thread_in_native, id=13204, stack(0x000000001c550000,0x000000001c650000)]
  0x000000001a965800 JavaThread "Daemon" [_thread_blocked, id=10828, stack(0x000000001c250000,0x000000001c350000)]
  0x000000001a962800 JavaThread "Daemon periodic checks" [_thread_blocked, id=13200, stack(0x000000001c150000,0x000000001c250000)]
  0x000000001a947000 JavaThread "Incoming local TCP Connector on port 13177" [_thread_in_native, id=6060, stack(0x000000001bf10000,0x000000001c010000)]
  0x000000001a911800 JavaThread "Daemon health stats" [_thread_blocked, id=18592, stack(0x000000001b6d0000,0x000000001b7d0000)]
  0x0000000018846000 JavaThread "Service Thread" daemon [_thread_blocked, id=2188, stack(0x0000000018d30000,0x0000000018e30000)]
  0x0000000018840800 JavaThread "C1 CompilerThread2" daemon [_thread_blocked, id=15780, stack(0x0000000018c30000,0x0000000018d30000)]
  0x0000000016fe7000 JavaThread "C2 CompilerThread1" daemon [_thread_blocked, id=5324, stack(0x0000000018730000,0x0000000018830000)]
  0x0000000016fe3000 JavaThread "C2 CompilerThread0" daemon [_thread_blocked, id=14804, stack(0x0000000018630000,0x0000000018730000)]
  0x0000000016fe1000 JavaThread "Attach Listener" daemon [_thread_blocked, id=6824, stack(0x0000000018530000,0x0000000018630000)]
  0x0000000016fe0000 JavaThread "Signal Dispatcher" daemon [_thread_blocked, id=17300, stack(0x0000000018430000,0x0000000018530000)]
  0x00000000023be000 JavaThread "Finalizer" daemon [_thread_blocked, id=17432, stack(0x0000000018230000,0x0000000018330000)]
  0x00000000023b3000 JavaThread "Reference Handler" daemon [_thread_blocked, id=14660, stack(0x0000000018130000,0x0000000018230000)]
  0x00000000022c4000 JavaThread "main" [_thread_blocked, id=18164, stack(0x00000000021a0000,0x00000000022a0000)]

Other Threads:
  0x0000000016fa8000 VMThread [stack: 0x0000000018030000,0x0000000018130000] [id=6220]
  0x0000000018847800 WatcherThread [stack: 0x0000000018e30000,0x0000000018f30000] [id=18484]

=>0x00000000022de800 (exited) GCTaskThread [stack: 0x0000000012140000,0x0000000012240000] [id=15840]

VM state:at safepoint (normal execution)

VM Mutex/Monitor currently owned by a thread:  ([mutex/lock_event])
[0x00000000022c19d0] Threads_lock - owner thread: 0x0000000016fa8000
[0x00000000022c1ad0] Heap_lock - owner thread: 0x000000001a509000

Heap:
 PSYoungGen      total 598528K, used 598200K [0x00000000d5580000, 0x00000000ffa80000, 0x0000000100000000)
  eden space 578560K, 100% used [0x00000000d5580000,0x00000000f8a80000,0x00000000f8a80000)
  from space 19968K, 98% used [0x00000000f8a80000,0x00000000f9dae338,0x00000000f9e00000)
  to   space 57344K, 99% used [0x00000000fc280000,0x00000000ffa7ede8,0x00000000ffa80000)
 ParOldGen       total 353792K, used 353791K [0x0000000080000000, 0x0000000095980000, 0x00000000d5580000)
  object space 353792K, 99% used [0x0000000080000000,0x000000009597ff48,0x0000000095980000)
 Metaspace       used 108013K, capacity 113472K, committed 114176K, reserved 1148928K
  class space    used 14107K, capacity 15091K, committed 15360K, reserved 1048576K

Card table byte_map: [0x0000000011780000,0x0000000011b90000] byte_map_base: 0x0000000011380000

Marking Bits: (ParMarkBitMap*) 0x00000000653308c0
 Begin Bits: [0x0000000012240000, 0x0000000014240000)
 End Bits:   [0x0000000014240000, 0x0000000016240000)

Polling page: 0x0000000000980000

CodeCache: size=245760Kb used=74869Kb max_used=74921Kb free=170890Kb
 bounds [0x00000000023c0000, 0x0000000006d50000, 0x00000000113c0000]
 total_blobs=21279 nmethods=20315 adapters=874
 compilation: enabled

Compilation events (10 events):
Event: 182.721 Thread 0x0000000018840800 26109       2       com.android.tools.r8.code.x2::<init> (7 bytes)
Event: 182.722 Thread 0x0000000018840800 nmethod 26109 0x0000000005857790 code [0x00000000058578e0, 0x0000000005857a90]
Event: 182.726 Thread 0x0000000018840800 26110 %     3       com.android.tools.r8.code.x0::<init> @ 71 (97 bytes)
Event: 182.727 Thread 0x0000000018840800 nmethod 26110% 0x0000000005855f10 code [0x0000000005856140, 0x0000000005856ef8]
Event: 182.738 Thread 0x0000000018840800 26111       2       com.android.tools.r8.code.N3::<init> (7 bytes)
Event: 182.738 Thread 0x0000000018840800 nmethod 26111 0x0000000005855ad0 code [0x0000000005855c20, 0x0000000005855dd0]
Event: 182.740 Thread 0x0000000018840800 26112       3       java.util.Arrays::hashCode (44 bytes)
Event: 182.741 Thread 0x0000000018840800 nmethod 26112 0x0000000005855610 code [0x0000000005855780, 0x00000000058559d0]
Event: 182.741 Thread 0x0000000018840800 26113       2       com.android.tools.r8.code.z3::<init> (7 bytes)
Event: 182.741 Thread 0x0000000018840800 nmethod 26113 0x0000000005da6110 code [0x0000000005da6280, 0x0000000005da6518]

GC Heap History (10 events):
Event: 173.001 GC heap after
Heap after GC invocations=52 (full 5):
 PSYoungGen      total 637952K, used 27159K [0x00000000d5580000, 0x00000000ffd00000, 0x0000000100000000)
  eden space 582144K, 0% used [0x00000000d5580000,0x00000000d5580000,0x00000000f8e00000)
  from space 55808K, 48% used [0x00000000f8e00000,0x00000000fa885c40,0x00000000fc480000)
  to   space 54784K, 0% used [0x00000000fc780000,0x00000000fc780000,0x00000000ffd00000)
 ParOldGen       total 330752K, used 291441K [0x0000000080000000, 0x0000000094300000, 0x00000000d5580000)
  object space 330752K, 88% used [0x0000000080000000,0x0000000091c9c680,0x0000000094300000)
 Metaspace       used 107771K, capacity 113190K, committed 114176K, reserved 1148928K
  class space    used 14098K, capacity 15088K, committed 15360K, reserved 1048576K
}
Event: 174.059 GC heap before
{Heap before GC invocations=53 (full 5):
 PSYoungGen      total 637952K, used 609303K [0x00000000d5580000, 0x00000000ffd00000, 0x0000000100000000)
  eden space 582144K, 100% used [0x00000000d5580000,0x00000000f8e00000,0x00000000f8e00000)
  from space 55808K, 48% used [0x00000000f8e00000,0x00000000fa885c40,0x00000000fc480000)
  to   space 54784K, 0% used [0x00000000fc780000,0x00000000fc780000,0x00000000ffd00000)
 ParOldGen       total 330752K, used 291441K [0x0000000080000000, 0x0000000094300000, 0x00000000d5580000)
  object space 330752K, 88% used [0x0000000080000000,0x0000000091c9c680,0x0000000094300000)
 Metaspace       used 107783K, capacity 113254K, committed 114176K, reserved 1148928K
  class space    used 14098K, capacity 15088K, committed 15360K, reserved 1048576K
Event: 174.106 GC heap after
Heap after GC invocations=53 (full 5):
 PSYoungGen      total 637952K, used 39839K [0x00000000d5580000, 0x0000000100000000, 0x0000000100000000)
  eden space 583168K, 0% used [0x00000000d5580000,0x00000000d5580000,0x00000000f8f00000)
  from space 54784K, 72% used [0x00000000fc780000,0x00000000fee67c98,0x00000000ffd00000)
  to   space 57856K, 0% used [0x00000000f8f00000,0x00000000f8f00000,0x00000000fc780000)
 ParOldGen       total 330752K, used 291441K [0x0000000080000000, 0x0000000094300000, 0x00000000d5580000)
  object space 330752K, 88% used [0x0000000080000000,0x0000000091c9c680,0x0000000094300000)
 Metaspace       used 107783K, capacity 113254K, committed 114176K, reserved 1148928K
  class space    used 14098K, capacity 15088K, committed 15360K, reserved 1048576K
}
Event: 175.095 GC heap before
{Heap before GC invocations=54 (full 5):
 PSYoungGen      total 637952K, used 623007K [0x00000000d5580000, 0x0000000100000000, 0x0000000100000000)
  eden space 583168K, 100% used [0x00000000d5580000,0x00000000f8f00000,0x00000000f8f00000)
  from space 54784K, 72% used [0x00000000fc780000,0x00000000fee67c98,0x00000000ffd00000)
  to   space 57856K, 0% used [0x00000000f8f00000,0x00000000f8f00000,0x00000000fc780000)
 ParOldGen       total 330752K, used 291441K [0x0000000080000000, 0x0000000094300000, 0x00000000d5580000)
  object space 330752K, 88% used [0x0000000080000000,0x0000000091c9c680,0x0000000094300000)
 Metaspace       used 107786K, capacity 113254K, committed 114176K, reserved 1148928K
  class space    used 14098K, capacity 15088K, committed 15360K, reserved 1048576K
Event: 175.175 GC heap after
Heap after GC invocations=54 (full 5):
 PSYoungGen      total 624128K, used 40937K [0x00000000d5580000, 0x0000000100000000, 0x0000000100000000)
  eden space 583168K, 0% used [0x00000000d5580000,0x00000000d5580000,0x00000000f8f00000)
  from space 40960K, 99% used [0x00000000f8f00000,0x00000000fb6fa640,0x00000000fb700000)
  to   space 60928K, 0% used [0x00000000fc480000,0x00000000fc480000,0x0000000100000000)
 ParOldGen       total 330752K, used 291441K [0x0000000080000000, 0x0000000094300000, 0x00000000d5580000)
  object space 330752K, 88% used [0x0000000080000000,0x0000000091c9c680,0x0000000094300000)
 Metaspace       used 107786K, capacity 113254K, committed 114176K, reserved 1148928K
  class space    used 14098K, capacity 15088K, committed 15360K, reserved 1048576K
}
Event: 176.794 GC heap before
{Heap before GC invocations=55 (full 5):
 PSYoungGen      total 624128K, used 624105K [0x00000000d5580000, 0x0000000100000000, 0x0000000100000000)
  eden space 583168K, 100% used [0x00000000d5580000,0x00000000f8f00000,0x00000000f8f00000)
  from space 40960K, 99% used [0x00000000f8f00000,0x00000000fb6fa640,0x00000000fb700000)
  to   space 60928K, 0% used [0x00000000fc480000,0x00000000fc480000,0x0000000100000000)
 ParOldGen       total 330752K, used 291441K [0x0000000080000000, 0x0000000094300000, 0x00000000d5580000)
  object space 330752K, 88% used [0x0000000080000000,0x0000000091c9c680,0x0000000094300000)
 Metaspace       used 107805K, capacity 113254K, committed 114176K, reserved 1148928K
  class space    used 14098K, capacity 15088K, committed 15360K, reserved 1048576K
Event: 176.863 GC heap after
Heap after GC invocations=55 (full 5):
 PSYoungGen      total 639488K, used 30139K [0x00000000d5580000, 0x0000000100000000, 0x0000000100000000)
  eden space 578560K, 0% used [0x00000000d5580000,0x00000000d5580000,0x00000000f8a80000)
  from space 60928K, 49% used [0x00000000fc480000,0x00000000fe1eecf8,0x0000000100000000)
  to   space 59392K, 0% used [0x00000000f8a80000,0x00000000f8a80000,0x00000000fc480000)
 ParOldGen       total 330752K, used 295897K [0x0000000080000000, 0x0000000094300000, 0x00000000d5580000)
  object space 330752K, 89% used [0x0000000080000000,0x00000000920f6578,0x0000000094300000)
 Metaspace       used 107805K, capacity 113254K, committed 114176K, reserved 1148928K
  class space    used 14098K, capacity 15088K, committed 15360K, reserved 1048576K
}
Event: 179.372 GC heap before
{Heap before GC invocations=56 (full 5):
 PSYoungGen      total 639488K, used 608699K [0x00000000d5580000, 0x0000000100000000, 0x0000000100000000)
  eden space 578560K, 100% used [0x00000000d5580000,0x00000000f8a80000,0x00000000f8a80000)
  from space 60928K, 49% used [0x00000000fc480000,0x00000000fe1eecf8,0x0000000100000000)
  to   space 59392K, 0% used [0x00000000f8a80000,0x00000000f8a80000,0x00000000fc480000)
 ParOldGen       total 330752K, used 295897K [0x0000000080000000, 0x0000000094300000, 0x00000000d5580000)
  object space 330752K, 89% used [0x0000000080000000,0x00000000920f6578,0x0000000094300000)
 Metaspace       used 107826K, capacity 113254K, committed 114176K, reserved 1148928K
  class space    used 14099K, capacity 15088K, committed 15360K, reserved 1048576K
Event: 179.419 GC heap after
Heap after GC invocations=56 (full 5):
 PSYoungGen      total 598528K, used 19640K [0x00000000d5580000, 0x00000000ffa80000, 0x0000000100000000)
  eden space 578560K, 0% used [0x00000000d5580000,0x00000000d5580000,0x00000000f8a80000)
  from space 19968K, 98% used [0x00000000f8a80000,0x00000000f9dae338,0x00000000f9e00000)
  to   space 57344K, 0% used [0x00000000fc280000,0x00000000fc280000,0x00000000ffa80000)
 ParOldGen       total 330752K, used 299209K [0x0000000080000000, 0x0000000094300000, 0x00000000d5580000)
  object space 330752K, 90% used [0x0000000080000000,0x0000000092432678,0x0000000094300000)
 Metaspace       used 107826K, capacity 113254K, committed 114176K, reserved 1148928K
  class space    used 14099K, capacity 15088K, committed 15360K, reserved 1048576K
}
Event: 182.758 GC heap before
{Heap before GC invocations=57 (full 5):
 PSYoungGen      total 598528K, used 598200K [0x00000000d5580000, 0x00000000ffa80000, 0x0000000100000000)
  eden space 578560K, 100% used [0x00000000d5580000,0x00000000f8a80000,0x00000000f8a80000)
  from space 19968K, 98% used [0x00000000f8a80000,0x00000000f9dae338,0x00000000f9e00000)
  to   space 57344K, 0% used [0x00000000fc280000,0x00000000fc280000,0x00000000ffa80000)
 ParOldGen       total 330752K, used 299209K [0x0000000080000000, 0x0000000094300000, 0x00000000d5580000)
  object space 330752K, 90% used [0x0000000080000000,0x0000000092432678,0x0000000094300000)
 Metaspace       used 108013K, capacity 113472K, committed 114176K, reserved 1148928K
  class space    used 14107K, capacity 15091K, committed 15360K, reserved 1048576K

Deoptimization events (10 events):
Event: 177.760 Thread 0x000000001cda4000 Uncommon trap: reason=array_check action=maybe_recompile pc=0x00000000064d940c method=java.util.TimSort.mergeHi(IIII)V @ 101
Event: 178.534 Thread 0x000000001cda3800 Uncommon trap: reason=unstable_if action=reinterpret pc=0x0000000004aa2fc8 method=com.google.common.cache.LongAdder.add(J)V @ 24
Event: 181.883 Thread 0x00000000225d3800 Uncommon trap: reason=unstable_if action=reinterpret pc=0x0000000005166744 method=com.android.tools.r8.dex.n.i()Lcom/android/tools/r8/graph/t0; @ 60
Event: 181.886 Thread 0x00000000225d6000 Uncommon trap: reason=predicate action=maybe_recompile pc=0x00000000051ebc30 method=com.android.tools.r8.dex.n$d.a(Lcom/android/tools/r8/graph/j0;)Lcom/android/tools/r8/graph/g0; @ 16
Event: 181.924 Thread 0x00000000225d6000 Uncommon trap: reason=speculate_class_check action=maybe_recompile pc=0x00000000054fcb04 method=com.android.tools.r8.graph.o.equals(Ljava/lang/Object;)Z @ 7
Event: 181.924 Thread 0x00000000225d6000 Uncommon trap: reason=speculate_class_check action=maybe_recompile pc=0x00000000054fcb04 method=com.android.tools.r8.graph.o.equals(Ljava/lang/Object;)Z @ 7
Event: 181.924 Thread 0x000000001dc33000 Uncommon trap: reason=speculate_class_check action=maybe_recompile pc=0x00000000054fcb04 method=com.android.tools.r8.graph.o.equals(Ljava/lang/Object;)Z @ 7
Event: 181.924 Thread 0x000000001dc33000 Uncommon trap: reason=speculate_class_check action=maybe_recompile pc=0x00000000054fcb04 method=com.android.tools.r8.graph.o.equals(Ljava/lang/Object;)Z @ 7
Event: 182.345 Thread 0x00000000225d6000 Uncommon trap: reason=unloaded action=reinterpret pc=0x0000000006474be0 method=com.android.tools.r8.code.x1.a(Ljava/nio/ShortBuffer;IILcom/android/tools/r8/graph/D1;)[Lcom/android/tools/r8/code/w1; @ 2834
Event: 182.412 Thread 0x00000000225d9000 Uncommon trap: reason=unstable_if action=reinterpret pc=0x0000000005e403c0 method=com.android.tools.r8.dex.n.i()Lcom/android/tools/r8/graph/t0; @ 38

Classes redefined (0 events):
No events

Internal exceptions (10 events):
Event: 178.180 Thread 0x000000001cda3800 Exception <a 'sun/nio/fs/WindowsException'> (0x00000000ef4c2900) thrown at [C:\re\workspace\8-2-build-windows-amd64-cygwin\jdk8u171\10807\hotspot\src\share\vm\prims\jni.cpp, line 709]
Event: 178.222 Thread 0x000000001cda4000 Exception <a 'sun/nio/fs/WindowsException'> (0x00000000efbebd10) thrown at [C:\re\workspace\8-2-build-windows-amd64-cygwin\jdk8u171\10807\hotspot\src\share\vm\prims\jni.cpp, line 709]
Event: 178.247 Thread 0x000000001cda4000 Exception <a 'sun/nio/fs/WindowsException'> (0x00000000f00cbc18) thrown at [C:\re\workspace\8-2-build-windows-amd64-cygwin\jdk8u171\10807\hotspot\src\share\vm\prims\jni.cpp, line 709]
Event: 178.360 Thread 0x000000001cda8000 Exception <a 'sun/nio/fs/WindowsException'> (0x00000000f101d168) thrown at [C:\re\workspace\8-2-build-windows-amd64-cygwin\jdk8u171\10807\hotspot\src\share\vm\prims\jni.cpp, line 709]
Event: 178.362 Thread 0x000000001cda7000 Exception <a 'sun/nio/fs/WindowsException'> (0x00000000f12721f0) thrown at [C:\re\workspace\8-2-build-windows-amd64-cygwin\jdk8u171\10807\hotspot\src\share\vm\prims\jni.cpp, line 709]
Event: 178.397 Thread 0x000000001cda8000 Exception <a 'sun/nio/fs/WindowsException'> (0x00000000f17e0bf0) thrown at [C:\re\workspace\8-2-build-windows-amd64-cygwin\jdk8u171\10807\hotspot\src\share\vm\prims\jni.cpp, line 709]
Event: 178.403 Thread 0x000000001cda7000 Exception <a 'sun/nio/fs/WindowsException'> (0x00000000f1afd878) thrown at [C:\re\workspace\8-2-build-windows-amd64-cygwin\jdk8u171\10807\hotspot\src\share\vm\prims\jni.cpp, line 709]
Event: 178.487 Thread 0x000000001cda3800 Exception <a 'sun/nio/fs/WindowsException'> (0x00000000f21b5710) thrown at [C:\re\workspace\8-2-build-windows-amd64-cygwin\jdk8u171\10807\hotspot\src\share\vm\prims\jni.cpp, line 709]
Event: 178.518 Thread 0x000000001cda3800 Exception <a 'sun/nio/fs/WindowsException'> (0x00000000f2749b78) thrown at [C:\re\workspace\8-2-build-windows-amd64-cygwin\jdk8u171\10807\hotspot\src\share\vm\prims\jni.cpp, line 709]
Event: 181.089 Thread 0x000000001d70e000 Exception <a 'sun/nio/fs/WindowsException'> (0x00000000e1d2f9e0) thrown at [C:\re\workspace\8-2-build-windows-amd64-cygwin\jdk8u171\10807\hotspot\src\share\vm\prims\jni.cpp, line 709]

Events (10 events):
Event: 182.678 loading class org/gradle/api/specs/Spec done
Event: 182.684 loading class com/android/build/gradle/internal/dependency/ProvidedClasspathSubtractor$getFileToIds$info$1
Event: 182.684 loading class com/android/build/gradle/internal/dependency/ProvidedClasspathSubtractor$getFileToIds$info$1 done
Event: 182.687 loading class com/google/common/collect/Multimaps
Event: 182.687 loading class com/google/common/collect/Multimaps done
Event: 182.707 loading class com/google/common/collect/SortedSetMultimap
Event: 182.707 loading class com/google/common/collect/SortedSetMultimap done
Event: 182.710 loading class com/google/common/collect/Multimaps$CustomSetMultimap
Event: 182.710 loading class com/google/common/collect/Multimaps$CustomSetMultimap done
Event: 182.755 Executing VM operation: ParallelGCFailedAllocation


Dynamic libraries:
0x00007ff772050000 - 0x00007ff772087000 	C:\Program Files\Java\jdk1.8.0_171\bin\java.exe
0x00007ff8038b0000 - 0x00007ff803aa5000 	C:\WINDOWS\SYSTEM32\ntdll.dll
0x00007ff801bc0000 - 0x00007ff801c7d000 	C:\WINDOWS\System32\KERNEL32.DLL
0x00007ff801570000 - 0x00007ff801838000 	C:\WINDOWS\System32\KERNELBASE.dll
0x00007ff802e50000 - 0x00007ff802efc000 	C:\WINDOWS\System32\ADVAPI32.dll
0x00007ff801af0000 - 0x00007ff801b8e000 	C:\WINDOWS\System32\msvcrt.dll
0x00007ff801c80000 - 0x00007ff801d1b000 	C:\WINDOWS\System32\sechost.dll
0x00007ff8025a0000 - 0x00007ff8026cb000 	C:\WINDOWS\System32\RPCRT4.dll
0x00007ff8036b0000 - 0x00007ff803850000 	C:\WINDOWS\System32\USER32.dll
0x00007ff801100000 - 0x00007ff801122000 	C:\WINDOWS\System32\win32u.dll
0x00007ff801ac0000 - 0x00007ff801aea000 	C:\WINDOWS\System32\GDI32.dll
0x00007ff800ff0000 - 0x00007ff8010fb000 	C:\WINDOWS\System32\gdi32full.dll
0x00007ff801840000 - 0x00007ff8018dd000 	C:\WINDOWS\System32\msvcp_win.dll
0x00007ff801130000 - 0x00007ff801230000 	C:\WINDOWS\System32\ucrtbase.dll
0x00007fffef410000 - 0x00007fffef6aa000 	C:\WINDOWS\WinSxS\amd64_microsoft.windows.common-controls_6595b64144ccf1df_6.0.19041.844_none_ca00b6081b84eb1d\COMCTL32.dll
0x00007ff801b90000 - 0x00007ff801bc0000 	C:\WINDOWS\System32\IMM32.DLL
0x0000000067540000 - 0x0000000067612000 	C:\Program Files\Java\jdk1.8.0_171\jre\bin\msvcr100.dll
0x0000000064b10000 - 0x00000000653b0000 	C:\Program Files\Java\jdk1.8.0_171\jre\bin\server\jvm.dll
0x00007ff8036a0000 - 0x00007ff8036a8000 	C:\WINDOWS\System32\PSAPI.DLL
0x00007ffffc830000 - 0x00007ffffc839000 	C:\WINDOWS\SYSTEM32\WSOCK32.dll
0x00007fffee1d0000 - 0x00007fffee1f7000 	C:\WINDOWS\SYSTEM32\WINMM.dll
0x00007ff800ab0000 - 0x00007ff800aba000 	C:\WINDOWS\SYSTEM32\VERSION.dll
0x00007ff802910000 - 0x00007ff80297b000 	C:\WINDOWS\System32\ws2_32.DLL
0x0000000067530000 - 0x000000006753f000 	C:\Program Files\Java\jdk1.8.0_171\jre\bin\verify.dll
0x0000000067500000 - 0x0000000067529000 	C:\Program Files\Java\jdk1.8.0_171\jre\bin\java.dll
0x0000000064af0000 - 0x0000000064b06000 	C:\Program Files\Java\jdk1.8.0_171\jre\bin\zip.dll
0x00007ff801d80000 - 0x00007ff8024c2000 	C:\WINDOWS\System32\SHELL32.dll
0x00007ffffee90000 - 0x00007fffff620000 	C:\WINDOWS\SYSTEM32\windows.storage.dll
0x00007ff803340000 - 0x00007ff803695000 	C:\WINDOWS\System32\combase.dll
0x00007ff800920000 - 0x00007ff80094c000 	C:\WINDOWS\SYSTEM32\Wldp.dll
0x00007ff802fc0000 - 0x00007ff80306e000 	C:\WINDOWS\System32\SHCORE.dll
0x00007ff801d20000 - 0x00007ff801d75000 	C:\WINDOWS\System32\shlwapi.dll
0x00007ff800f30000 - 0x00007ff800f4f000 	C:\WINDOWS\SYSTEM32\profapi.dll
0x0000000064ad0000 - 0x0000000064aea000 	C:\Program Files\Java\jdk1.8.0_171\jre\bin\net.dll
0x00007ff800690000 - 0x00007ff8006fa000 	C:\WINDOWS\system32\mswsock.dll
0x0000000064ab0000 - 0x0000000064ac1000 	C:\Program Files\Java\jdk1.8.0_171\jre\bin\nio.dll
0x00007fffec4f0000 - 0x00007fffec517000 	C:\Users\IbrahimKelany\.gradle\native\fdc75f09e3144964f2cf3f50f0aa648679c211496f362492102eb8c894070792\windows-amd64\native-platform.dll
0x00007fffde080000 - 0x00007fffde216000 	C:\Users\IbrahimKelany\.gradle\native\12488b8bf47d2d4c9fbf2f6322a914ad602e24e48041cd04a747c6da556b65c4\windows-amd64\native-platform-file-events.dll
0x0000000064aa0000 - 0x0000000064aad000 	C:\Program Files\Java\jdk1.8.0_171\jre\bin\management.dll
0x00007ff800870000 - 0x00007ff800888000 	C:\WINDOWS\SYSTEM32\CRYPTSP.dll
0x00007ff800030000 - 0x00007ff800064000 	C:\WINDOWS\system32\rsaenh.dll
0x00007ff8018e0000 - 0x00007ff801907000 	C:\WINDOWS\System32\bcrypt.dll
0x00007ff800ef0000 - 0x00007ff800f1e000 	C:\WINDOWS\SYSTEM32\USERENV.dll
0x00007ff801230000 - 0x00007ff8012b0000 	C:\WINDOWS\System32\bcryptprimitives.dll
0x00007ff800860000 - 0x00007ff80086c000 	C:\WINDOWS\SYSTEM32\CRYPTBASE.dll
0x00007ff800380000 - 0x00007ff8003bb000 	C:\WINDOWS\SYSTEM32\IPHLPAPI.DLL
0x00007ff802fb0000 - 0x00007ff802fb8000 	C:\WINDOWS\System32\NSI.dll
0x00007fffefc20000 - 0x00007fffefc37000 	C:\WINDOWS\SYSTEM32\dhcpcsvc6.DLL
0x00007ffff6a50000 - 0x00007ffff6a6d000 	C:\WINDOWS\SYSTEM32\dhcpcsvc.DLL
0x00007ff8003c0000 - 0x00007ff80048c000 	C:\WINDOWS\SYSTEM32\DNSAPI.dll
0x00007ffff6d50000 - 0x00007ffff6d5b000 	C:\WINDOWS\SYSTEM32\WINNSI.DLL
0x00007ffffe180000 - 0x00007ffffe210000 	C:\WINDOWS\system32\apphelp.dll
0x00007fffffcb0000 - 0x00007fffffce3000 	C:\WINDOWS\SYSTEM32\ntmarta.dll
0x00000000647e0000 - 0x0000000064978000 	C:\Program Files\Java\jdk1.8.0_171\jre\bin\awt.dll
0x00007ff803070000 - 0x00007ff80313d000 	C:\WINDOWS\System32\OLEAUT32.dll
0x00007ffffe870000 - 0x00007ffffe89f000 	C:\WINDOWS\system32\DWMAPI.DLL
0x00007ffffe340000 - 0x00007ffffe3de000 	C:\WINDOWS\system32\uxtheme.dll
0x00000000647b0000 - 0x00000000647da000 	C:\Program Files\Java\jdk1.8.0_171\jre\bin\dcpr.dll

VM Arguments:
jvm_args: -Xmx2048m -Dfile.encoding=UTF-8 -Duser.country=US -Duser.language=en -Duser.variant 
java_command: org.gradle.launcher.daemon.bootstrap.GradleDaemon 6.7.1
java_class_path (initial): C:\Users\IbrahimKelany\.gradle\wrapper\dists\gradle-6.7.1-all\2moa8rlfac5eqlcfgk98k0deb\gradle-6.7.1\lib\gradle-launcher-6.7.1.jar
Launcher Type: SUN_STANDARD

Environment Variables:
JAVA_HOME=C:\Program Files\Java\jdk1.8.0_171
USERNAME=IbrahimKelany
SHELL=C:\Windows\system32\cmd.exe /e:6144 /p
OS=Windows_NT
PROCESSOR_IDENTIFIER=Intel64 Family 6 Model 78 Stepping 3, GenuineIntel



---------------  S Y S T E M  ---------------

OS: Windows 10.0 , 64 bit Build 19041 (10.0.19041.928)

CPU:total 4 (initial active 4) (2 cores per cpu, 2 threads per core) family 6 model 78 stepping 3, cmov, cx8, fxsr, mmx, sse, sse2, sse3, ssse3, sse4.1, sse4.2, popcnt, avx, avx2, aes, clmul, erms, 3dnowpref, lzcnt, ht, tsc, tscinvbit, bmi1, bmi2, adx

Memory: 4k page, physical 8259340k(80880k free), swap 12453644k(2060k free)

vm_info: Java HotSpot(TM) 64-Bit Server VM (25.171-b11) for windows-amd64 JRE (1.8.0_171-b11), built on Mar 28 2018 16:06:12 by "java_re" with MS VC++ 10.0 (VS2010)

time: Fri May 21 14:42:23 2021
elapsed time: 183 seconds (0d 0h 3m 3s)

